[debug] [2026-03-12T23:15:41.686Z] ----------------------------------------------------------------------
[debug] [2026-03-12T23:15:41.693Z] Command:       C:\Program Files\nodejs\node.exe C:\Users\panda\AppData\Roaming\npm\node_modules\firebase-tools\lib\bin\firebase.js init hosting
[debug] [2026-03-12T23:15:41.694Z] CLI Version:   15.10.0
[debug] [2026-03-12T23:15:41.694Z] Platform:      win32
[debug] [2026-03-12T23:15:41.694Z] Node Version:  v22.12.0
[debug] [2026-03-12T23:15:41.695Z] Time:          Thu Mar 12 2026 19:15:41 GMT-0400 (Eastern Daylight Saving Time)
[debug] [2026-03-12T23:15:41.695Z] ----------------------------------------------------------------------
[debug] 
[info] 
     ######## #### ########  ######## ########     ###     ######  ########
     ##        ##  ##     ## ##       ##     ##  ##   ##  ##       ##
     ######    ##  ########  ######   ########  #########  ######  ######
     ##        ##  ##    ##  ##       ##     ## ##     ##       ## ##
     ##       #### ##     ## ######## ########  ##     ##  ######  ########

You're about to initialize a Firebase project in this directory:

  C:\Users\panda\Documents\SearchAlgoMap\searchAlgoMap

[info] 
=== Project Setup
[info] 
[info] First, let's associate this project directory with a Firebase project.
[info] You can create multiple project aliases by running firebase use --add, 
[info] 
[info] i  If you want to create a project in a Google Cloud organization or folder, please use "firebase projects:create" instead, and return to this command when you've created the project. 
[debug] [2026-03-12T23:15:51.795Z] > command requires scopes: ["email","openid","https://www.googleapis.com/auth/cloudplatformprojects.readonly","https://www.googleapis.com/auth/firebase","https://www.googleapis.com/auth/cloud-platform"]
[debug] [2026-03-12T23:15:51.796Z] > authorizing via signed-in user (joy.jy.zhou@gmail.com)
[debug] [2026-03-12T23:15:58.400Z] Checked if tokens are valid: true, expires at: 1773360916651
[debug] [2026-03-12T23:15:58.400Z] Checked if tokens are valid: true, expires at: 1773360916651
[debug] [2026-03-12T23:15:58.405Z] >>> [apiv2][query] POST https://firebase.googleapis.com/v1/projects:checkProjectId [none]
[debug] [2026-03-12T23:15:58.406Z] >>> [apiv2][body] POST https://firebase.googleapis.com/v1/projects:checkProjectId {"proposedId":"searchAlgoMap"}
[debug] [2026-03-12T23:15:58.863Z] <<< [apiv2][status] POST https://firebase.googleapis.com/v1/projects:checkProjectId 200
[debug] [2026-03-12T23:15:58.863Z] <<< [apiv2][body] POST https://firebase.googleapis.com/v1/projects:checkProjectId {"projectIdStatus":"PROJECT_ID_NOT_VALID","suggestedProjectId":"searchalgomap"}
[debug] [2026-03-12T23:16:04.688Z] Checked if tokens are valid: true, expires at: 1773360916651
[debug] [2026-03-12T23:16:04.689Z] Checked if tokens are valid: true, expires at: 1773360916651
[debug] [2026-03-12T23:16:04.691Z] >>> [apiv2][query] POST https://firebase.googleapis.com/v1/projects:checkProjectId [none]
[debug] [2026-03-12T23:16:04.691Z] >>> [apiv2][body] POST https://firebase.googleapis.com/v1/projects:checkProjectId {"proposedId":"searchalgomap"}
[debug] [2026-03-12T23:16:05.055Z] <<< [apiv2][status] POST https://firebase.googleapis.com/v1/projects:checkProjectId 200
[debug] [2026-03-12T23:16:05.056Z] <<< [apiv2][body] POST https://firebase.googleapis.com/v1/projects:checkProjectId {"projectIdStatus":"PROJECT_ID_AVAILABLE","suggestedProjectId":"searchalgomap"}
[debug] [2026-03-12T23:16:07.615Z] Checked if tokens are valid: true, expires at: 1773360916651
[debug] [2026-03-12T23:16:07.615Z] Checked if tokens are valid: true, expires at: 1773360916651
[debug] [2026-03-12T23:16:07.616Z] >>> [apiv2][query] POST https://cloudresourcemanager.googleapis.com/v1/projects [none]
[debug] [2026-03-12T23:16:07.616Z] >>> [apiv2][body] POST https://cloudresourcemanager.googleapis.com/v1/projects {"projectId":"searchalgomap","name":"searchalgomap"}
[debug] [2026-03-12T23:16:08.131Z] <<< [apiv2][status] POST https://cloudresourcemanager.googleapis.com/v1/projects 200
[debug] [2026-03-12T23:16:08.131Z] <<< [apiv2][body] POST https://cloudresourcemanager.googleapis.com/v1/projects {"name":"operations/create_project.global.7987514094309729920"}
[debug] [2026-03-12T23:16:08.134Z] Checked if tokens are valid: true, expires at: 1773360916651
[debug] [2026-03-12T23:16:08.134Z] Checked if tokens are valid: true, expires at: 1773360916651
[debug] [2026-03-12T23:16:08.134Z] >>> [apiv2][query] GET https://cloudresourcemanager.googleapis.com/v1/operations/create_project.global.7987514094309729920 [none]
[debug] [2026-03-12T23:16:08.398Z] <<< [apiv2][status] GET https://cloudresourcemanager.googleapis.com/v1/operations/create_project.global.7987514094309729920 200
[debug] [2026-03-12T23:16:08.399Z] <<< [apiv2][body] GET https://cloudresourcemanager.googleapis.com/v1/operations/create_project.global.7987514094309729920 {"name":"operations/create_project.global.7987514094309729920"}
[debug] [2026-03-12T23:16:08.902Z] [Project Creation Poller] Retrying task index 0
[debug] [2026-03-12T23:16:08.903Z] Checked if tokens are valid: true, expires at: 1773360916651
[debug] [2026-03-12T23:16:08.903Z] Checked if tokens are valid: true, expires at: 1773360916651
[debug] [2026-03-12T23:16:08.904Z] >>> [apiv2][query] GET https://cloudresourcemanager.googleapis.com/v1/operations/create_project.global.7987514094309729920 [none]
[debug] [2026-03-12T23:16:09.080Z] <<< [apiv2][status] GET https://cloudresourcemanager.googleapis.com/v1/operations/create_project.global.7987514094309729920 200
[debug] [2026-03-12T23:16:09.081Z] <<< [apiv2][body] GET https://cloudresourcemanager.googleapis.com/v1/operations/create_project.global.7987514094309729920 {"name":"operations/create_project.global.7987514094309729920"}
[debug] [2026-03-12T23:16:10.097Z] [Project Creation Poller] Retrying task index 0
[debug] [2026-03-12T23:16:10.098Z] Checked if tokens are valid: true, expires at: 1773360916651
[debug] [2026-03-12T23:16:10.098Z] Checked if tokens are valid: true, expires at: 1773360916651
[debug] [2026-03-12T23:16:10.098Z] >>> [apiv2][query] GET https://cloudresourcemanager.googleapis.com/v1/operations/create_project.global.7987514094309729920 [none]
[debug] [2026-03-12T23:16:10.239Z] <<< [apiv2][status] GET https://cloudresourcemanager.googleapis.com/v1/operations/create_project.global.7987514094309729920 200
[debug] [2026-03-12T23:16:10.240Z] <<< [apiv2][body] GET https://cloudresourcemanager.googleapis.com/v1/operations/create_project.global.7987514094309729920 {"name":"operations/create_project.global.7987514094309729920","metadata":{"@type":"type.googleapis.com/google.cloudresourcemanager.v1.ProjectCreationStatus","gettable":true,"ready":true},"done":true,"response":{"@type":"type.googleapis.com/google.cloudresourcemanager.v1.Project","projectNumber":"717387051131","projectId":"searchalgomap","lifecycleState":"ACTIVE","name":"searchalgomap","createTime":"2026-03-12T23:16:09.165123Z"}}
[debug] [2026-03-12T23:16:10.243Z] Checked if tokens are valid: true, expires at: 1773360916651
[debug] [2026-03-12T23:16:10.243Z] Checked if tokens are valid: true, expires at: 1773360916651
[debug] [2026-03-12T23:16:10.244Z] >>> [apiv2][query] POST https://firebase.googleapis.com/v1beta1/projects/searchalgomap:addFirebase [none]
[debug] [2026-03-12T23:16:12.128Z] <<< [apiv2][status] POST https://firebase.googleapis.com/v1beta1/projects/searchalgomap:addFirebase 200
[debug] [2026-03-12T23:16:12.128Z] <<< [apiv2][body] POST https://firebase.googleapis.com/v1beta1/projects/searchalgomap:addFirebase {"name":"operations/workflows/ZTM2MjcyMmMtNWU3Mi00M2IzLTgzOGMtMWZlYTk4YmJiMWU1"}
[debug] [2026-03-12T23:16:12.129Z] Checked if tokens are valid: true, expires at: 1773360916651
[debug] [2026-03-12T23:16:12.129Z] Checked if tokens are valid: true, expires at: 1773360916651
[debug] [2026-03-12T23:16:12.129Z] >>> [apiv2][query] GET https://firebase.googleapis.com/v1beta1/operations/workflows/ZTM2MjcyMmMtNWU3Mi00M2IzLTgzOGMtMWZlYTk4YmJiMWU1 [none]
[debug] [2026-03-12T23:16:17.072Z] <<< [apiv2][status] GET https://firebase.googleapis.com/v1beta1/operations/workflows/ZTM2MjcyMmMtNWU3Mi00M2IzLTgzOGMtMWZlYTk4YmJiMWU1 200
[debug] [2026-03-12T23:16:17.072Z] <<< [apiv2][body] GET https://firebase.googleapis.com/v1beta1/operations/workflows/ZTM2MjcyMmMtNWU3Mi00M2IzLTgzOGMtMWZlYTk4YmJiMWU1 {"name":"operations/workflows/ZTM2MjcyMmMtNWU3Mi00M2IzLTgzOGMtMWZlYTk4YmJiMWU1"}
[debug] [2026-03-12T23:16:17.583Z] [Add Firebase Poller] Retrying task index 0
[debug] [2026-03-12T23:16:17.584Z] Checked if tokens are valid: true, expires at: 1773360916651
[debug] [2026-03-12T23:16:17.584Z] Checked if tokens are valid: true, expires at: 1773360916651
[debug] [2026-03-12T23:16:17.584Z] >>> [apiv2][query] GET https://firebase.googleapis.com/v1beta1/operations/workflows/ZTM2MjcyMmMtNWU3Mi00M2IzLTgzOGMtMWZlYTk4YmJiMWU1 [none]
[debug] [2026-03-12T23:16:18.680Z] <<< [apiv2][status] GET https://firebase.googleapis.com/v1beta1/operations/workflows/ZTM2MjcyMmMtNWU3Mi00M2IzLTgzOGMtMWZlYTk4YmJiMWU1 200
[debug] [2026-03-12T23:16:18.681Z] <<< [apiv2][body] GET https://firebase.googleapis.com/v1beta1/operations/workflows/ZTM2MjcyMmMtNWU3Mi00M2IzLTgzOGMtMWZlYTk4YmJiMWU1 {"name":"operations/workflows/ZTM2MjcyMmMtNWU3Mi00M2IzLTgzOGMtMWZlYTk4YmJiMWU1"}
[debug] [2026-03-12T23:16:19.685Z] [Add Firebase Poller] Retrying task index 0
[debug] [2026-03-12T23:16:19.686Z] Checked if tokens are valid: true, expires at: 1773360916651
[debug] [2026-03-12T23:16:19.686Z] Checked if tokens are valid: true, expires at: 1773360916651
[debug] [2026-03-12T23:16:19.686Z] >>> [apiv2][query] GET https://firebase.googleapis.com/v1beta1/operations/workflows/ZTM2MjcyMmMtNWU3Mi00M2IzLTgzOGMtMWZlYTk4YmJiMWU1 [none]
[debug] [2026-03-12T23:16:20.174Z] <<< [apiv2][status] GET https://firebase.googleapis.com/v1beta1/operations/workflows/ZTM2MjcyMmMtNWU3Mi00M2IzLTgzOGMtMWZlYTk4YmJiMWU1 200
[debug] [2026-03-12T23:16:20.174Z] <<< [apiv2][body] GET https://firebase.googleapis.com/v1beta1/operations/workflows/ZTM2MjcyMmMtNWU3Mi00M2IzLTgzOGMtMWZlYTk4YmJiMWU1 {"name":"operations/workflows/ZTM2MjcyMmMtNWU3Mi00M2IzLTgzOGMtMWZlYTk4YmJiMWU1"}
[debug] [2026-03-12T23:16:22.181Z] [Add Firebase Poller] Retrying task index 0
[debug] [2026-03-12T23:16:22.181Z] Checked if tokens are valid: true, expires at: 1773360916651
[debug] [2026-03-12T23:16:22.182Z] Checked if tokens are valid: true, expires at: 1773360916651
[debug] [2026-03-12T23:16:22.182Z] >>> [apiv2][query] GET https://firebase.googleapis.com/v1beta1/operations/workflows/ZTM2MjcyMmMtNWU3Mi00M2IzLTgzOGMtMWZlYTk4YmJiMWU1 [none]
[debug] [2026-03-12T23:16:22.597Z] <<< [apiv2][status] GET https://firebase.googleapis.com/v1beta1/operations/workflows/ZTM2MjcyMmMtNWU3Mi00M2IzLTgzOGMtMWZlYTk4YmJiMWU1 200
[debug] [2026-03-12T23:16:22.597Z] <<< [apiv2][body] GET https://firebase.googleapis.com/v1beta1/operations/workflows/ZTM2MjcyMmMtNWU3Mi00M2IzLTgzOGMtMWZlYTk4YmJiMWU1 {"name":"operations/workflows/ZTM2MjcyMmMtNWU3Mi00M2IzLTgzOGMtMWZlYTk4YmJiMWU1","done":true,"response":{"@type":"type.googleapis.com/google.firebase.service.v1beta1.FirebaseProject","projectId":"searchalgomap","projectNumber":"717387051131","displayName":"searchalgomap","name":"projects/searchalgomap","resources":{"hostingSite":"searchalgomap"}}}
[info] 
[info] === Your Firebase project is ready! ===
[info] 
[info] Project information:
[info]    - Project ID: searchalgomap
[info]    - Project Name: searchalgomap
[info] 
[info] Firebase console is available at
[info] https://console.firebase.google.com/project/searchalgomap/overview
[info] 
=== Hosting Setup
[debug] [2026-03-12T23:16:22.632Z] Checked if tokens are valid: true, expires at: 1773360916651
[debug] [2026-03-12T23:16:22.632Z] Checked if tokens are valid: true, expires at: 1773360916651
[debug] [2026-03-12T23:16:22.633Z] >>> [apiv2][query] GET https://firebase.googleapis.com/v1beta1/projects/searchalgomap [none]
[debug] [2026-03-12T23:16:23.522Z] <<< [apiv2][status] GET https://firebase.googleapis.com/v1beta1/projects/searchalgomap 200
[debug] [2026-03-12T23:16:23.522Z] <<< [apiv2][body] GET https://firebase.googleapis.com/v1beta1/projects/searchalgomap {"projectId":"searchalgomap","projectNumber":"717387051131","displayName":"searchalgomap","name":"projects/searchalgomap","resources":{"hostingSite":"searchalgomap"},"state":"ACTIVE","etag":"1_cceb767f-8fbd-4ae2-9495-17fcb876d9a3"}
[info] 
[info] Your public directory is the folder (relative to your project directory) that
[info] will contain Hosting assets to be uploaded with firebase deploy. If you
[info] have a build process for your assets, use your build's output directory.
[info] 
[info] 
[info] i  Detected a .git folder at C:\Users\panda\Documents\SearchAlgoMap\searchAlgoMap 
[info] i  Authorizing with GitHub to upload your service account to a GitHub repository's secrets store. 
[info] 
[info] Visit this URL on this device to log in:
[info] https://github.com/login/oauth/authorize?client_id=89cf50f02ac6aaed3484&state=296656299&redirect_uri=http%3A%2F%2Flocalhost%3A9005&scope=read%3Auser%20repo%20public_repo
[info] 
[info] Waiting for authentication...
[debug] [2026-03-12T23:16:51.921Z] >>> [apiv2][query] POST https://github.com/login/oauth/access_token [none]
[debug] [2026-03-12T23:16:51.921Z] >>> [apiv2][body] POST https://github.com/login/oauth/access_token [stream]
[debug] [2026-03-12T23:16:52.423Z] <<< [apiv2][status] POST https://github.com/login/oauth/access_token 200
[debug] [2026-03-12T23:16:52.423Z] <<< [apiv2][body] POST https://github.com/login/oauth/access_token {"access_token":"","token_type":"bearer","scope":"read:user,repo"}
[debug] [2026-03-12T23:16:52.427Z] >>> [apiv2][query] GET https://api.github.com/user [none]
[debug] [2026-03-12T23:16:52.755Z] <<< [apiv2][status] GET https://api.github.com/user 200
[debug] [2026-03-12T23:16:52.756Z] <<< [apiv2][body] GET https://api.github.com/user {"login":"joy-zhouu","id":11446741,"node_id":"MDQ6VXNlcjExNDQ2NzQx","avatar_url":"https://avatars.githubusercontent.com/u/11446741?v=4","gravatar_id":"","url":"https://api.github.com/users/joy-zhouu","html_url":"https://github.com/joy-zhouu","followers_url":"https://api.github.com/users/joy-zhouu/followers","following_url":"https://api.github.com/users/joy-zhouu/following{/other_user}","gists_url":"https://api.github.com/users/joy-zhouu/gists{/gist_id}","starred_url":"https://api.github.com/users/joy-zhouu/starred{/owner}{/repo}","subscriptions_url":"https://api.github.com/users/joy-zhouu/subscriptions","organizations_url":"https://api.github.com/users/joy-zhouu/orgs","repos_url":"https://api.github.com/users/joy-zhouu/repos","events_url":"https://api.github.com/users/joy-zhouu/events{/privacy}","received_events_url":"https://api.github.com/users/joy-zhouu/received_events","type":"User","user_view_type":"private","site_admin":false,"name":"Joy Zhou","company":null,"blog":"","location":null,"email":null,"hireable":null,"bio":"Technology @ Morgan Stanley","twitter_username":null,"notification_email":null,"public_repos":7,"public_gists":0,"followers":0,"following":0,"created_at":"2015-03-12T19:31:18Z","updated_at":"2025-12-23T20:17:54Z","private_gists":0,"total_private_repos":4,"owned_private_repos":4,"disk_usage":35978,"collaborators":7,"two_factor_authentication":false,"plan":{"name":"free","space":976562499,"collaborators":0,"private_repos":10000}}
[info] 
[info] +  Success! Logged into GitHub as joy-zhouu 
[info] 
[debug] [2026-03-12T23:17:16.020Z] ExitPromptError: User force closed the prompt with SIGINT
    at Interface.sigint (C:\Users\panda\AppData\Roaming\npm\node_modules\firebase-tools\node_modules\@inquirer\core\dist\commonjs\lib\create-prompt.js:101:37)
    at Interface.emit (node:events:524:28)
    at [_ttyWrite] [as _ttyWrite] (node:internal/readline/interface:1124:18)
    at ReadStream.onkeypress (node:internal/readline/interface:263:20)
    at ReadStream.emit (node:events:536:35)
    at emitKeys (node:internal/readline/utils:370:14)
    at emitKeys.next (<anonymous>)
    at ReadStream.onData (node:internal/readline/emitKeypressEvents:64:36)
    at ReadStream.emit (node:events:524:28)
    at addChunk (node:internal/streams/readable:561:12)
[error] 
[error] Error: An unexpected error has occurred.
